[debug] [2026-03-08T14:19:53.926Z] ----------------------------------------------------------------------
[debug] [2026-03-08T14:19:53.932Z] Command:       C:\Program Files\nodejs\node.exe C:\Users\HP\AppData\Roaming\npm\node_modules\firebase-tools\lib\bin\firebase.js init firestore
[debug] [2026-03-08T14:19:53.933Z] CLI Version:   15.9.0
[debug] [2026-03-08T14:19:53.934Z] Platform:      win32
[debug] [2026-03-08T14:19:53.934Z] Node Version:  v22.16.0
[debug] [2026-03-08T14:19:53.934Z] Time:          Sun Mar 08 2026 19:49:53 GMT+0530 (India Standard Time)
[debug] [2026-03-08T14:19:53.934Z] ----------------------------------------------------------------------
[debug] 
[debug] [2026-03-08T14:19:53.938Z] >>> [apiv2][query] GET https://firebase-public.firebaseio.com/cli.json [none]
[info] 
     ######## #### ########  ######## ########     ###     ######  ########
     ##        ##  ##     ## ##       ##     ##  ##   ##  ##       ##
     ######    ##  ########  ######   ########  #########  ######  ######
     ##        ##  ##    ##  ##       ##     ## ##     ##       ## ##
     ##       #### ##     ## ######## ########  ##     ##  ######  ########

You're about to initialize a Firebase project in this directory:

  D:\Real-Estate\backend

[info] 
=== Project Setup
[info] 
[info] First, let's associate this project directory with a Firebase project.
[info] You can create multiple project aliases by running firebase use --add, 
[info] 
[debug] [2026-03-08T14:19:57.395Z] <<< [apiv2][status] GET https://firebase-public.firebaseio.com/cli.json 200
[debug] [2026-03-08T14:19:57.395Z] <<< [apiv2][body] GET https://firebase-public.firebaseio.com/cli.json {"cloudBuildErrorAfter":1594252800000,"cloudBuildWarnAfter":1590019200000,"defaultNode10After":1594252800000,"minVersion":"3.0.5","node8DeploysDisabledAfter":1613390400000,"node8RuntimeDisabledAfter":1615809600000,"node8WarnAfter":1600128000000}
[debug] [2026-03-08T14:20:11.568Z] > command requires scopes: ["email","openid","https://www.googleapis.com/auth/cloudplatformprojects.readonly","https://www.googleapis.com/auth/firebase","https://www.googleapis.com/auth/cloud-platform"]
[debug] [2026-03-08T14:20:11.568Z] > authorizing via signed-in user (chaniyarapbad@gmail.com)
[debug] [2026-03-08T14:20:11.570Z] Checked if tokens are valid: false, expires at: 1734817250734
[debug] [2026-03-08T14:20:11.570Z] Checked if tokens are valid: false, expires at: 1734817250734
[debug] [2026-03-08T14:20:11.570Z] > refreshing access token with scopes: []
[debug] [2026-03-08T14:20:11.572Z] >>> [apiv2][query] POST https://www.googleapis.com/oauth2/v3/token [none]
[debug] [2026-03-08T14:20:11.572Z] >>> [apiv2][body] POST https://www.googleapis.com/oauth2/v3/token [omitted]
[debug] [2026-03-08T14:20:12.099Z] <<< [apiv2][status] POST https://www.googleapis.com/oauth2/v3/token 400
[debug] [2026-03-08T14:20:12.099Z] <<< [apiv2][body] POST https://www.googleapis.com/oauth2/v3/token [omitted]
[debug] [2026-03-08T14:20:12.100Z] >>> [apiv2][query] GET https://firebase.googleapis.com/v1beta1/projects pageSize=100
[debug] [2026-03-08T14:20:12.456Z] <<< [apiv2][status] GET https://firebase.googleapis.com/v1beta1/projects 401
[debug] [2026-03-08T14:20:12.458Z] <<< [apiv2][body] GET https://firebase.googleapis.com/v1beta1/projects [omitted]
[debug] [2026-03-08T14:20:12.458Z] Got a 401 Unauthenticated error for a call that required authentication. Refreshing tokens.
[debug] [2026-03-08T14:20:12.458Z] Checked if tokens are valid: false, expires at: 1734817250734
[debug] [2026-03-08T14:20:12.458Z] Checked if tokens are valid: false, expires at: 1734817250734
[debug] [2026-03-08T14:20:12.458Z] > refreshing access token with scopes: []
[debug] [2026-03-08T14:20:12.459Z] >>> [apiv2][query] POST https://www.googleapis.com/oauth2/v3/token [none]
[debug] [2026-03-08T14:20:12.459Z] >>> [apiv2][body] POST https://www.googleapis.com/oauth2/v3/token [omitted]
[debug] [2026-03-08T14:20:12.588Z] <<< [apiv2][status] POST https://www.googleapis.com/oauth2/v3/token 400
[debug] [2026-03-08T14:20:12.588Z] <<< [apiv2][body] POST https://www.googleapis.com/oauth2/v3/token [omitted]
[debug] [2026-03-08T14:20:12.589Z] Request to https://firebase.googleapis.com/v1beta1/projects?pageSize=100 had HTTP Error: 401, Request had invalid authentication credentials. Expected OAuth 2 access token, login cookie or other valid authentication credential. See https://developers.google.com/identity/sign-in/web/devconsole-project.
[debug] [2026-03-08T14:20:13.009Z] FirebaseError: Request to https://firebase.googleapis.com/v1beta1/projects?pageSize=100 had HTTP Error: 401, Request had invalid authentication credentials. Expected OAuth 2 access token, login cookie or other valid authentication credential. See https://developers.google.com/identity/sign-in/web/devconsole-project.
    at responseToError (C:\Users\HP\AppData\Roaming\npm\node_modules\firebase-tools\lib\responseToError.js:53:12)
    at RetryOperation._fn (C:\Users\HP\AppData\Roaming\npm\node_modules\firebase-tools\lib\apiv2.js:333:77)
    at process.processTicksAndRejections (node:internal/process/task_queues:105:5)
[error] 
[error] Error: Failed to list Firebase projects. See firebase-debug.log for more info.
